e:\hermes\hermes\hermes\x64\debug\vc142.pdb
e:\hermes\hermes\hermes\x64\debug\vc142.idb
e:\hermes\hermes\hermes\x64\debug\main.obj
e:\hermes\hermes\hermes\x64\debug\gui.obj
e:\hermes\hermes\hermes\x64\debug\tile.obj
e:\hermes\hermes\hermes\x64\debug\rexspeeder.obj
e:\hermes\hermes\hermes\x64\debug\playerai.obj
e:\hermes\hermes\hermes\x64\debug\player.obj
e:\hermes\hermes\hermes\x64\debug\map.obj
e:\hermes\hermes\hermes\x64\debug\logentry.obj
e:\hermes\hermes\hermes\x64\debug\entity.obj
e:\hermes\hermes\hermes\x64\debug\engine.obj
e:\hermes\hermes\hermes\x64\debug\enemyai.obj
e:\hermes\hermes\hermes\x64\debug\destroycomponent.obj
e:\hermes\hermes\hermes\x64\debug\attackcomponent.obj
d:\c\hermes\x64\debug\vcpkg.applocal.log
d:\c\hermes\x64\debug\zlibd1.dll
e:\hermes\hermes\hermes\x64\debug\vcpkg.applocal.log
e:\hermes\hermes\x64\debug\zlibd1.dll
d:\c\hermes\x64\debug\hermes.exe
d:\c\hermes\x64\debug\hermes.ilk
d:\c\hermes\x64\debug\hermes.pdb
e:\hermes\hermes\hermes\x64\debug\destorycomponent.obj
e:\hermes\hermes\hermes\x64\debug\hermes.ilk
e:\hermes\hermes\hermes\x64\debug\hermes.pdb
e:\hermes\hermes\x64\debug\hermes.pdb
e:\hermes\hermes\hermes\x64\debug\hermes.tlog\cl.command.1.tlog
e:\hermes\hermes\hermes\x64\debug\hermes.tlog\cl.read.1.tlog
e:\hermes\hermes\hermes\x64\debug\hermes.tlog\cl.write.1.tlog
e:\hermes\hermes\hermes\x64\debug\hermes.tlog\hermes.write.1u.tlog
e:\hermes\hermes\hermes\x64\debug\hermes.tlog\link.command.1.tlog
e:\hermes\hermes\hermes\x64\debug\hermes.tlog\link.read.1.tlog
e:\hermes\hermes\hermes\x64\debug\hermes.tlog\link.write.1.tlog
